18-04-2022	26:36:19 - Please add product title

18-04-2022	26:36:19 - Please add product category

18-04-2022	33:56:20 - features.sort is not a function
18-04-2022	52:56:20 - features.sort is not a function
18-04-2022	07:57:20 - features.sort is not a function
18-04-2022	27:01:21 - Cannot read properties of undefined (reading 'query')
18-04-2022	36:02:21 - Cannot read properties of undefined (reading 'query')
18-04-2022	03:03:21 - Cannot read properties of undefined (reading 'query')
18-04-2022	21:13:21 - text index required for $text query
18-04-2022	25:35:21 - BSON field 'skip' value must be >= 0, actual value '-5'
18-04-2022	40:05:22 - Can't use $regrex with String.
18-04-2022	54:05:22 - Can't use $regrex with String.
18-04-2022	38:07:22 - Unexpected token o in JSON at position 1
18-04-2022	35:08:22 - Can't use $regrex with String.
18-04-2022	15:14:22 - Query was already executed: Product.find({ title: { '$regex': 'Samsung' } })
18-04-2022	43:14:22 - Query was already executed: Product.find({ title: { '$regex': 'Samsung' } })
18-04-2022	44:14:22 - Query was already executed: Product.find({ title: { '$regex': 'Samsung' } })
18-04-2022	45:14:22 - Query was already executed: Product.find({ title: { '$regex': 'Samsung' } })
18-04-2022	45:14:22 - Query was already executed: Product.find({ title: { '$regex': 'Samsung' } })
18-04-2022	45:14:22 - Query was already executed: Product.find({ title: { '$regex': 'Samsung' } })
18-04-2022	45:14:22 - Query was already executed: Product.find({ title: { '$regex': 'Samsung' } })
18-04-2022	35:20:22 - Invalid status code: 20
18-04-2022	42:20:22 - Invalid status code: 20
18-04-2022	43:20:22 - Invalid status code: 20
18-04-2022	43:20:22 - Invalid status code: 20
18-04-2022	43:20:22 - Invalid status code: 20
18-04-2022	44:20:22 - Invalid status code: 20
18-04-2022	44:20:22 - Invalid status code: 20
23-04-2022	34:50:17 - /users - POST - User validation failed: password: Path `password` (`$2b$10$YgbGPl8gIpdrCVb.4cYFT.mKiUnEh9XsMKYeI4C5WBJ5i9vpS/4P6`) is longer than the maximum allowed length (20).
23-04-2022	15:04:18 - /users - POST - E11000 duplicate key error collection: database.users index: username_1 dup key: { username: "Tran Dung" }
23-04-2022	41:04:18 - /users - POST - E11000 duplicate key error collection: database.users index: username_1 dup key: { username: "Tran Dung" }
23-04-2022	36:05:18 - /users - POST - E11000 duplicate key error collection: database.users index: username_1 dup key: { username: "Tran Dung" }
23-04-2022	12:06:18 - /users - POST - E11000 duplicate key error collection: database.users index: username_1 dup key: { username: "Tran Dung" }
23-04-2022	43:06:18 - /users - POST - E11000 duplicate key error collection: database.users index: username_1 dup key: { username: "Tran Dung" }
23-04-2022	58:07:18 - /users - POST - E11000 duplicate key error collection: database.users index: username_1 dup key: { username: "Tran Dung" }
23-04-2022	36:08:18 - /users - POST - E11000 duplicate key error collection: database.users index: username_1 dup key: { username: "Tran Dung" }
23-04-2022	58:08:18 - /users - POST - E11000 duplicate key error collection: database.users index: username_1 dup key: { username: "Tran Dung" }
23-04-2022	45:09:18 - /users - POST - E11000 duplicate key error collection: database.users index: username_1 dup key: { username: "Tran Dung" }
23-04-2022	20:10:18 - /users - POST - E11000 duplicate key error collection: database.users index: username_1 dup key: { username: "Tran Dung" }
23-04-2022	38:11:18 - /users - POST - E11000 duplicate key error collection: database.users index: username_1 dup key: { username: "Tran Dung" }
23-04-2022	49:13:18 - /users - POST - E11000 duplicate key error collection: database.users index: username_1 dup key: { username: "Tran Dung" }
23-04-2022	48:15:19 - /users/register - POST - E11000 duplicate key error collection: database.users index: username_1 dup key: { username: "Tran Dung" }
23-04-2022	56:32:19 - Token not found
23-04-2022	22:42:22 - Token not found
23-04-2022	29:42:22 - Token not found
23-04-2022	50:42:22 - Token not found
29-04-2022	00:39:11 - jwt expired - src\middleware\auth.ts
29-04-2022	47:39:11 - jwt expired - src\middleware\auth.ts
29-04-2022	20:49:16 - Token not found - src\middleware\auth.ts
29-04-2022	05:51:16 - invalid token - src\middleware\auth.ts
29-04-2022	23:39:17 - jwt expired - src\middleware\auth.ts
29-04-2022	42:06:18 - Cast to ObjectId failed for value "{ user: '6263e08b8bfddaa866232849' }" (type Object) at path "_id" for model "Post" - src\controllers\postController.ts
29-04-2022	44:06:18 - Cast to ObjectId failed for value "{ user: '6263e08b8bfddaa866232849' }" (type Object) at path "_id" for model "Post" - src\controllers\postController.ts
29-04-2022	14:07:18 - Cast to ObjectId failed for value "{ user: '6263e08b8bfddaa866232849' }" (type Object) at path "_id" for model "Post" - src\controllers\postController.ts
29-04-2022	31:07:18 - Cast to ObjectId failed for value "{ user: '6263e08b8bfddaa866232849' }" (type Object) at path "_id" for model "Post" - src\controllers\postController.ts
29-04-2022	35:08:18 - Cast to ObjectId failed for value "{ id: '626bc27dc206c52d4e8dfe49', user: '6263e08b8bfddaa866232849' }" (type Object) at path "_id" for model "Post" - src\controllers\postController.ts
29-04-2022	06:31:20 - Cast to ObjectId failed for value "total" (type string) at path "_id" for model "Post" - src\controllers\postController.ts
29-04-2022	33:31:20 - Cast to ObjectId failed for value "total" (type string) at path "_id" for model "Post" - src\controllers\postController.ts
29-04-2022	05:32:20 - Cast to ObjectId failed for value "total" (type string) at path "_id" for model "Post" - src\controllers\postController.ts
29-04-2022	52:27:21 - Token not found - src\middleware\auth.ts
29-04-2022	35:28:21 - jwt malformed - src\middleware\auth.ts
